# JRE version: Java(TM) SE Runtime Environment (8.0_151-b12) (build 1.8.0_151-b12)
# Java VM: Java HotSpot(TM) 64-Bit Server VM (25.151-b12 mixed mode windows-amd64 compressed oops)
Heap:
 PSYoungGen      total 257536K, used 43520K [0x00000000eab00000, 0x0000000100000000, 0x0000000100000000)
  eden space 166912K, 26% used [0x00000000eab00000,0x00000000ed580080,0x00000000f4e00000)
  from space 90624K, 0% used [0x00000000fa780000,0x00000000fa780000,0x0000000100000000)
  to   space 91136K, 0% used [0x00000000f4e00000,0x00000000f4e00000,0x00000000fa700000)
 ParOldGen       total 281088K, used 131389K [0x00000000c0000000, 0x00000000d1280000, 0x00000000eab00000)
  object space 281088K, 46% used [0x00000000c0000000,0x00000000c804f540,0x00000000d1280000)
 Metaspace       used 89280K, capacity 93494K, committed 93696K, reserved 1130496K
  class space    used 11275K, capacity 12214K, committed 12288K, reserved 1048576K
GC Heap History (10 events):
Event: 111.556 GC heap before
{Heap before GC invocations=22 (full 3):
 PSYoungGen      total 252928K, used 234791K [0x00000000eab00000, 0x0000000100000000, 0x0000000100000000)
  eden space 192512K, 100% used [0x00000000eab00000,0x00000000f6700000,0x00000000f6700000)
  from space 60416K, 69% used [0x00000000fc500000,0x00000000fee49df0,0x0000000100000000)
  to   space 78336K, 0% used [0x00000000f6700000,0x00000000f6700000,0x00000000fb380000)
 ParOldGen       total 162304K, used 124471K [0x00000000c0000000, 0x00000000c9e80000, 0x00000000eab00000)
  object space 162304K, 76% used [0x00000000c0000000,0x00000000c798de40,0x00000000c9e80000)
 Metaspace       used 88909K, capacity 93180K, committed 93440K, reserved 1130496K
  class space    used 11285K, capacity 12245K, committed 12288K, reserved 1048576K
Event: 111.611 GC heap after
Heap after GC invocations=22 (full 3):
 PSYoungGen      total 240640K, used 48086K [0x00000000eab00000, 0x0000000100000000, 0x0000000100000000)
  eden space 192512K, 0% used [0x00000000eab00000,0x00000000eab00000,0x00000000f6700000)
  from space 48128K, 99% used [0x00000000f6700000,0x00000000f95f5a68,0x00000000f9600000)
  to   space 79872K, 0% used [0x00000000fb200000,0x00000000fb200000,0x0000000100000000)
 ParOldGen       total 162304K, used 124479K [0x00000000c0000000, 0x00000000c9e80000, 0x00000000eab00000)
  object space 162304K, 76% used [0x00000000c0000000,0x00000000c798fe40,0x00000000c9e80000)
 Metaspace       used 88909K, capacity 93180K, committed 93440K, reserved 1130496K
  class space    used 11285K, capacity 12245K, committed 12288K, reserved 1048576K
}
Event: 112.758 GC heap before
{Heap before GC invocations=23 (full 3):
 PSYoungGen      total 240640K, used 240598K [0x00000000eab00000, 0x0000000100000000, 0x0000000100000000)
  eden space 192512K, 100% used [0x00000000eab00000,0x00000000f6700000,0x00000000f6700000)
  from space 48128K, 99% used [0x00000000f6700000,0x00000000f95f5a68,0x00000000f9600000)
  to   space 79872K, 0% used [0x00000000fb200000,0x00000000fb200000,0x0000000100000000)
 ParOldGen       total 162304K, used 124479K [0x00000000c0000000, 0x00000000c9e80000, 0x00000000eab00000)
  object space 162304K, 76% used [0x00000000c0000000,0x00000000c798fe40,0x00000000c9e80000)
 Metaspace       used 89194K, capacity 93488K, committed 93696K, reserved 1130496K
  class space    used 11293K, capacity 12247K, committed 12288K, reserved 1048576K
Event: 112.796 GC heap after
Heap after GC invocations=23 (full 3):
 PSYoungGen      total 259072K, used 58629K [0x00000000eab00000, 0x0000000100000000, 0x0000000100000000)
  eden space 179200K, 0% used [0x00000000eab00000,0x00000000eab00000,0x00000000f5a00000)
  from space 79872K, 73% used [0x00000000fb200000,0x00000000feb41478,0x0000000100000000)
  to   space 84992K, 0% used [0x00000000f5a00000,0x00000000f5a00000,0x00000000fad00000)
 ParOldGen       total 162304K, used 124487K [0x00000000c0000000, 0x00000000c9e80000, 0x00000000eab00000)
  object space 162304K, 76% used [0x00000000c0000000,0x00000000c7991e40,0x00000000c9e80000)
 Metaspace       used 89194K, capacity 93488K, committed 93696K, reserved 1130496K
  class space    used 11293K, capacity 12247K, committed 12288K, reserved 1048576K
}
Event: 113.668 GC heap before
{Heap before GC invocations=24 (full 3):
 PSYoungGen      total 259072K, used 237829K [0x00000000eab00000, 0x0000000100000000, 0x0000000100000000)
  eden space 179200K, 100% used [0x00000000eab00000,0x00000000f5a00000,0x00000000f5a00000)
  from space 79872K, 73% used [0x00000000fb200000,0x00000000feb41478,0x0000000100000000)
  to   space 84992K, 0% used [0x00000000f5a00000,0x00000000f5a00000,0x00000000fad00000)
 ParOldGen       total 162304K, used 124487K [0x00000000c0000000, 0x00000000c9e80000, 0x00000000eab00000)
  object space 162304K, 76% used [0x00000000c0000000,0x00000000c7991e40,0x00000000c9e80000)
 Metaspace       used 89293K, capacity 93556K, committed 93696K, reserved 1130496K
  class space    used 11294K, capacity 12247K, committed 12288K, reserved 1048576K
Event: 113.715 GC heap after
Heap after GC invocations=24 (full 3):
 PSYoungGen      total 242688K, used 63460K [0x00000000eab00000, 0x0000000100000000, 0x0000000100000000)
  eden space 179200K, 0% used [0x00000000eab00000,0x00000000eab00000,0x00000000f5a00000)
  from space 63488K, 99% used [0x00000000f5a00000,0x00000000f97f9330,0x00000000f9800000)
  to   space 90624K, 0% used [0x00000000fa780000,0x00000000fa780000,0x0000000100000000)
 ParOldGen       total 162304K, used 124495K [0x00000000c0000000, 0x00000000c9e80000, 0x00000000eab00000)
  object space 162304K, 76% used [0x00000000c0000000,0x00000000c7993e40,0x00000000c9e80000)
 Metaspace       used 89293K, capacity 93556K, committed 93696K, reserved 1130496K
  class space    used 11294K, capacity 12247K, committed 12288K, reserved 1048576K
}
Event: 114.138 GC heap before
{Heap before GC invocations=25 (full 3):
 PSYoungGen      total 242688K, used 242660K [0x00000000eab00000, 0x0000000100000000, 0x0000000100000000)
  eden space 179200K, 100% used [0x00000000eab00000,0x00000000f5a00000,0x00000000f5a00000)
  from space 63488K, 99% used [0x00000000f5a00000,0x00000000f97f9330,0x00000000f9800000)
  to   space 90624K, 0% used [0x00000000fa780000,0x00000000fa780000,0x0000000100000000)
 ParOldGen       total 162304K, used 124495K [0x00000000c0000000, 0x00000000c9e80000, 0x00000000eab00000)
  object space 162304K, 76% used [0x00000000c0000000,0x00000000c7993e40,0x00000000c9e80000)
 Metaspace       used 89334K, capacity 93624K, committed 93696K, reserved 1130496K
  class space    used 11294K, capacity 12247K, committed 12288K, reserved 1048576K
Event: 114.199 GC heap after
Heap after GC invocations=25 (full 3):
 PSYoungGen      total 257536K, used 54775K [0x00000000eab00000, 0x0000000100000000, 0x0000000100000000)
  eden space 166912K, 0% used [0x00000000eab00000,0x00000000eab00000,0x00000000f4e00000)
  from space 90624K, 60% used [0x00000000fa780000,0x00000000fdcfde88,0x0000000100000000)
  to   space 91136K, 0% used [0x00000000f4e00000,0x00000000f4e00000,0x00000000fa700000)
 ParOldGen       total 162304K, used 139202K [0x00000000c0000000, 0x00000000c9e80000, 0x00000000eab00000)
  object space 162304K, 85% used [0x00000000c0000000,0x00000000c87f0898,0x00000000c9e80000)
 Metaspace       used 89334K, capacity 93624K, committed 93696K, reserved 1130496K
  class space    used 11294K, capacity 12247K, committed 12288K, reserved 1048576K
}
Event: 114.199 GC heap before
{Heap before GC invocations=26 (full 4):
 PSYoungGen      total 257536K, used 54775K [0x00000000eab00000, 0x0000000100000000, 0x0000000100000000)
  eden space 166912K, 0% used [0x00000000eab00000,0x00000000eab00000,0x00000000f4e00000)
  from space 90624K, 60% used [0x00000000fa780000,0x00000000fdcfde88,0x0000000100000000)
  to   space 91136K, 0% used [0x00000000f4e00000,0x00000000f4e00000,0x00000000fa700000)
 ParOldGen       total 162304K, used 139202K [0x00000000c0000000, 0x00000000c9e80000, 0x00000000eab00000)
  object space 162304K, 85% used [0x00000000c0000000,0x00000000c87f0898,0x00000000c9e80000)
 Metaspace       used 89334K, capacity 93624K, committed 93696K, reserved 1130496K
  class space    used 11294K, capacity 12247K, committed 12288K, reserved 1048576K
Event: 114.546 GC heap after
Heap after GC invocations=26 (full 4):
 PSYoungGen      total 257536K, used 0K [0x00000000eab00000, 0x0000000100000000, 0x0000000100000000)
  eden space 166912K, 0% used [0x00000000eab00000,0x00000000eab00000,0x00000000f4e00000)
  from space 90624K, 0% used [0x00000000fa780000,0x00000000fa780000,0x0000000100000000)
  to   space 91136K, 0% used [0x00000000f4e00000,0x00000000f4e00000,0x00000000fa700000)
 ParOldGen       total 281088K, used 131389K [0x00000000c0000000, 0x00000000d1280000, 0x00000000eab00000)
  object space 281088K, 46% used [0x00000000c0000000,0x00000000c804f540,0x00000000d1280000)
 Metaspace       used 89280K, capacity 93494K, committed 93696K, reserved 1130496K
  class space    used 11275K, capacity 12214K, committed 12288K, reserved 1048576K
}

