# JRE version: Java(TM) SE Runtime Environment (8.0_151-b12) (build 1.8.0_151-b12)
# Java VM: Java HotSpot(TM) 64-Bit Server VM (25.151-b12 mixed mode windows-amd64 compressed oops)
Heap:
 PSYoungGen      total 281088K, used 53758K [0x00000000eab00000, 0x0000000100000000, 0x0000000100000000)
  eden space 261120K, 20% used [0x00000000eab00000,0x00000000edf7f920,0x00000000faa00000)
  from space 19968K, 0% used [0x00000000feb00000,0x00000000feb00000,0x00000000ffe80000)
  to   space 44032K, 0% used [0x00000000faa00000,0x00000000faa00000,0x00000000fd500000)
 ParOldGen       total 321024K, used 129842K [0x00000000c0000000, 0x00000000d3980000, 0x00000000eab00000)
  object space 321024K, 40% used [0x00000000c0000000,0x00000000c7eccac0,0x00000000d3980000)
 Metaspace       used 68051K, capacity 71864K, committed 72064K, reserved 1112064K
  class space    used 9118K, capacity 9987K, committed 10112K, reserved 1048576K
GC Heap History (10 events):
Event: 27.158 GC heap before
{Heap before GC invocations=37 (full 4):
 PSYoungGen      total 326144K, used 312480K [0x00000000eab00000, 0x00000000fff80000, 0x0000000100000000)
  eden space 304128K, 100% used [0x00000000eab00000,0x00000000fd400000,0x00000000fd400000)
  from space 22016K, 37% used [0x00000000fe980000,0x00000000ff1a8000,0x00000000fff00000)
  to   space 22016K, 0% used [0x00000000fd400000,0x00000000fd400000,0x00000000fe980000)
 ParOldGen       total 273920K, used 230459K [0x00000000c0000000, 0x00000000d0b80000, 0x00000000eab00000)
  object space 273920K, 84% used [0x00000000c0000000,0x00000000ce10ec20,0x00000000d0b80000)
 Metaspace       used 67279K, capacity 71028K, committed 71168K, reserved 1110016K
  class space    used 9050K, capacity 9899K, committed 9984K, reserved 1048576K
Event: 27.179 GC heap after
Heap after GC invocations=37 (full 4):
 PSYoungGen      total 326144K, used 12735K [0x00000000eab00000, 0x00000000ffe00000, 0x0000000100000000)
  eden space 304128K, 0% used [0x00000000eab00000,0x00000000eab00000,0x00000000fd400000)
  from space 22016K, 57% used [0x00000000fd400000,0x00000000fe06fe80,0x00000000fe980000)
  to   space 20992K, 0% used [0x00000000fe980000,0x00000000fe980000,0x00000000ffe00000)
 ParOldGen       total 273920K, used 237653K [0x00000000c0000000, 0x00000000d0b80000, 0x00000000eab00000)
  object space 273920K, 86% used [0x00000000c0000000,0x00000000ce8154e0,0x00000000d0b80000)
 Metaspace       used 67279K, capacity 71028K, committed 71168K, reserved 1110016K
  class space    used 9050K, capacity 9899K, committed 9984K, reserved 1048576K
}
Event: 27.725 GC heap before
{Heap before GC invocations=38 (full 4):
 PSYoungGen      total 326144K, used 316863K [0x00000000eab00000, 0x00000000ffe00000, 0x0000000100000000)
  eden space 304128K, 100% used [0x00000000eab00000,0x00000000fd400000,0x00000000fd400000)
  from space 22016K, 57% used [0x00000000fd400000,0x00000000fe06fe80,0x00000000fe980000)
  to   space 20992K, 0% used [0x00000000fe980000,0x00000000fe980000,0x00000000ffe00000)
 ParOldGen       total 273920K, used 237653K [0x00000000c0000000, 0x00000000d0b80000, 0x00000000eab00000)
  object space 273920K, 86% used [0x00000000c0000000,0x00000000ce8154e0,0x00000000d0b80000)
 Metaspace       used 67285K, capacity 71028K, committed 71168K, reserved 1110016K
  class space    used 9050K, capacity 9899K, committed 9984K, reserved 1048576K
Event: 27.751 GC heap after
Heap after GC invocations=38 (full 4):
 PSYoungGen      total 326656K, used 9935K [0x00000000eab00000, 0x00000000ffe00000, 0x0000000100000000)
  eden space 305664K, 0% used [0x00000000eab00000,0x00000000eab00000,0x00000000fd580000)
  from space 20992K, 47% used [0x00000000fe980000,0x00000000ff333f90,0x00000000ffe00000)
  to   space 20480K, 0% used [0x00000000fd580000,0x00000000fd580000,0x00000000fe980000)
 ParOldGen       total 273920K, used 245562K [0x00000000c0000000, 0x00000000d0b80000, 0x00000000eab00000)
  object space 273920K, 89% used [0x00000000c0000000,0x00000000cefce8b0,0x00000000d0b80000)
 Metaspace       used 67285K, capacity 71028K, committed 71168K, reserved 1110016K
  class space    used 9050K, capacity 9899K, committed 9984K, reserved 1048576K
}
Event: 28.118 GC heap before
{Heap before GC invocations=39 (full 4):
 PSYoungGen      total 326656K, used 315599K [0x00000000eab00000, 0x00000000ffe00000, 0x0000000100000000)
  eden space 305664K, 100% used [0x00000000eab00000,0x00000000fd580000,0x00000000fd580000)
  from space 20992K, 47% used [0x00000000fe980000,0x00000000ff333f90,0x00000000ffe00000)
  to   space 20480K, 0% used [0x00000000fd580000,0x00000000fd580000,0x00000000fe980000)
 ParOldGen       total 273920K, used 245562K [0x00000000c0000000, 0x00000000d0b80000, 0x00000000eab00000)
  object space 273920K, 89% used [0x00000000c0000000,0x00000000cefce8b0,0x00000000d0b80000)
 Metaspace       used 67294K, capacity 71028K, committed 71168K, reserved 1110016K
  class space    used 9050K, capacity 9899K, committed 9984K, reserved 1048576K
Event: 28.151 GC heap after
Heap after GC invocations=39 (full 4):
 PSYoungGen      total 326144K, used 10416K [0x00000000eab00000, 0x00000000ffe80000, 0x0000000100000000)
  eden space 305664K, 0% used [0x00000000eab00000,0x00000000eab00000,0x00000000fd580000)
  from space 20480K, 50% used [0x00000000fd580000,0x00000000fdfac060,0x00000000fe980000)
  to   space 19968K, 0% used [0x00000000feb00000,0x00000000feb00000,0x00000000ffe80000)
 ParOldGen       total 273920K, used 253506K [0x00000000c0000000, 0x00000000d0b80000, 0x00000000eab00000)
  object space 273920K, 92% used [0x00000000c0000000,0x00000000cf790818,0x00000000d0b80000)
 Metaspace       used 67294K, capacity 71028K, committed 71168K, reserved 1110016K
  class space    used 9050K, capacity 9899K, committed 9984K, reserved 1048576K
}
Event: 32.526 GC heap before
{Heap before GC invocations=40 (full 4):
 PSYoungGen      total 326144K, used 316080K [0x00000000eab00000, 0x00000000ffe80000, 0x0000000100000000)
  eden space 305664K, 100% used [0x00000000eab00000,0x00000000fd580000,0x00000000fd580000)
  from space 20480K, 50% used [0x00000000fd580000,0x00000000fdfac060,0x00000000fe980000)
  to   space 19968K, 0% used [0x00000000feb00000,0x00000000feb00000,0x00000000ffe80000)
 ParOldGen       total 273920K, used 253506K [0x00000000c0000000, 0x00000000d0b80000, 0x00000000eab00000)
  object space 273920K, 92% used [0x00000000c0000000,0x00000000cf790818,0x00000000d0b80000)
 Metaspace       used 68058K, capacity 71892K, committed 72064K, reserved 1112064K
  class space    used 9122K, capacity 9993K, committed 10112K, reserved 1048576K
Event: 32.613 GC heap after
Heap after GC invocations=40 (full 4):
 PSYoungGen      total 281088K, used 19950K [0x00000000eab00000, 0x0000000100000000, 0x0000000100000000)
  eden space 261120K, 0% used [0x00000000eab00000,0x00000000eab00000,0x00000000faa00000)
  from space 19968K, 99% used [0x00000000feb00000,0x00000000ffe7bb70,0x00000000ffe80000)
  to   space 44032K, 0% used [0x00000000faa00000,0x00000000faa00000,0x00000000fd500000)
 ParOldGen       total 312320K, used 311812K [0x00000000c0000000, 0x00000000d3100000, 0x00000000eab00000)
  object space 312320K, 99% used [0x00000000c0000000,0x00000000d3081040,0x00000000d3100000)
 Metaspace       used 68058K, capacity 71892K, committed 72064K, reserved 1112064K
  class space    used 9122K, capacity 9993K, committed 10112K, reserved 1048576K
}
Event: 32.613 GC heap before
{Heap before GC invocations=41 (full 5):
 PSYoungGen      total 281088K, used 19950K [0x00000000eab00000, 0x0000000100000000, 0x0000000100000000)
  eden space 261120K, 0% used [0x00000000eab00000,0x00000000eab00000,0x00000000faa00000)
  from space 19968K, 99% used [0x00000000feb00000,0x00000000ffe7bb70,0x00000000ffe80000)
  to   space 44032K, 0% used [0x00000000faa00000,0x00000000faa00000,0x00000000fd500000)
 ParOldGen       total 312320K, used 311812K [0x00000000c0000000, 0x00000000d3100000, 0x00000000eab00000)
  object space 312320K, 99% used [0x00000000c0000000,0x00000000d3081040,0x00000000d3100000)
 Metaspace       used 68058K, capacity 71892K, committed 72064K, reserved 1112064K
  class space    used 9122K, capacity 9993K, committed 10112K, reserved 1048576K
Event: 33.019 GC heap after
Heap after GC invocations=41 (full 5):
 PSYoungGen      total 281088K, used 0K [0x00000000eab00000, 0x0000000100000000, 0x0000000100000000)
  eden space 261120K, 0% used [0x00000000eab00000,0x00000000eab00000,0x00000000faa00000)
  from space 19968K, 0% used [0x00000000feb00000,0x00000000feb00000,0x00000000ffe80000)
  to   space 44032K, 0% used [0x00000000faa00000,0x00000000faa00000,0x00000000fd500000)
 ParOldGen       total 321024K, used 129842K [0x00000000c0000000, 0x00000000d3980000, 0x00000000eab00000)
  object space 321024K, 40% used [0x00000000c0000000,0x00000000c7eccac0,0x00000000d3980000)
 Metaspace       used 68048K, capacity 71864K, committed 72064K, reserved 1112064K
  class space    used 9118K, capacity 9987K, committed 10112K, reserved 1048576K
}

